<?xml version="1.0" encoding="UTF-8"?>
<!-- Generated by org.testng.reporters.JUnitReportReporter -->
<testsuite skipped="0" hostname="ramsunkara" name="com.primusbank.tests.HybridPB" tests="1" failures="0" timestamp="17 Aug 2019 16:13:20 GMT" time="13.215" errors="0">
  <testcase name="primusbankBatchTest" time="13.215" classname="com.primusbank.tests.HybridPB"/>
</testsuite> <!-- com.primusbank.tests.HybridPB -->
