<?xml version="1.0" encoding="UTF-8"?>
<!-- Generated by org.testng.reporters.JUnitReportReporter -->
<testsuite skipped="0" hostname="ramsunkara" name="com.primusbank.tests.HybridPB12" tests="1" failures="0" timestamp="16 May 2019 17:00:36 GMT" time="19.732" errors="0">
  <testcase name="primusbankBatchTest" time="19.732" classname="com.primusbank.tests.HybridPB12"/>
</testsuite> <!-- com.primusbank.tests.HybridPB12 -->
