<?xml version="1.0" encoding="UTF-8"?>
<!-- Generated by org.testng.reporters.JUnitReportReporter -->
<testsuite skipped="0" hostname="ramsunkara" name="com.primusbank.tests.classd" tests="1" failures="0" timestamp="04 Mar 2019 04:20:57 GMT" time="0.008" errors="0">
  <testcase name="tcrestest" time="0.008" classname="com.primusbank.tests.classd"/>
</testsuite> <!-- com.primusbank.tests.classd -->
